0 info it worked if it ends with ok
1 verbose cli [ '/usr/local/bin/node',
1 verbose cli   '/usr/local/bin/npm',
1 verbose cli   'install',
1 verbose cli   'typescript',
1 verbose cli   '-g' ]
2 info using npm@2.14.3
3 info using node@v4.1.0
4 verbose install initial load of /usr/local/lib/package.json
5 verbose readDependencies loading dependencies from /usr/local/lib/package.json
6 silly cache add args [ 'typescript', null ]
7 verbose cache add spec typescript
8 silly cache add parsed spec Result {
8 silly cache add   raw: 'typescript',
8 silly cache add   scope: null,
8 silly cache add   name: 'typescript',
8 silly cache add   rawSpec: '',
8 silly cache add   spec: '*',
8 silly cache add   type: 'range' }
9 silly addNamed typescript@*
10 verbose addNamed "*" is a valid semver range for typescript
11 silly addNameRange { name: 'typescript', range: '*', hasData: false }
12 silly mapToRegistry name typescript
13 silly mapToRegistry using default registry
14 silly mapToRegistry registry https://registry.npmjs.org/
15 silly mapToRegistry uri https://registry.npmjs.org/typescript
16 verbose addNameRange registry:https://registry.npmjs.org/typescript not in flight; fetching
17 verbose request uri https://registry.npmjs.org/typescript
18 verbose request no auth needed
19 info attempt registry request try #1 at 10:18:13 AM
20 verbose request id 876751b72ffb8cc1
21 http request GET https://registry.npmjs.org/typescript
22 http 200 https://registry.npmjs.org/typescript
23 silly get cb [ 200,
23 silly get   { server: 'CouchDB/1.5.0 (Erlang OTP/R16B03)',
23 silly get     etag: '"2SGAH57Y9OMG6R9NLXCPXG20P"',
23 silly get     'content-type': 'application/json',
23 silly get     'cache-control': 'max-age=60',
23 silly get     'content-length': '211605',
23 silly get     'accept-ranges': 'bytes',
23 silly get     date: 'Thu, 19 Nov 2015 09:18:14 GMT',
23 silly get     via: '1.1 varnish',
23 silly get     age: '50',
23 silly get     connection: 'keep-alive',
23 silly get     'x-served-by': 'cache-fra1228-FRA',
23 silly get     'x-cache': 'HIT',
23 silly get     'x-cache-hits': '2',
23 silly get     'x-timer': 'S1447924694.013971,VS0,VE0',
23 silly get     vary: 'Accept' } ]
24 verbose get saving typescript to /Users/dada/.npm/registry.npmjs.org/typescript/.cache.json
25 silly addNameRange number 2 { name: 'typescript', range: '*', hasData: true }
26 silly addNameRange versions [ 'typescript',
26 silly addNameRange   [ '0.8.0',
26 silly addNameRange     '0.8.1',
26 silly addNameRange     '0.8.1-1',
26 silly addNameRange     '0.8.2',
26 silly addNameRange     '0.8.3',
26 silly addNameRange     '0.9.0',
26 silly addNameRange     '0.9.0-1',
26 silly addNameRange     '0.9.1',
26 silly addNameRange     '0.9.1-1',
26 silly addNameRange     '0.9.5',
26 silly addNameRange     '0.9.7',
26 silly addNameRange     '1.0.0',
26 silly addNameRange     '1.0.1',
26 silly addNameRange     '1.1.0-1',
26 silly addNameRange     '1.3.0',
26 silly addNameRange     '1.4.1',
26 silly addNameRange     '1.5.0-alpha',
26 silly addNameRange     '1.5.0-beta',
26 silly addNameRange     '1.5.3',
26 silly addNameRange     '1.6.0-dev.20150722.1',
26 silly addNameRange     '1.6.0-dev.20150723',
26 silly addNameRange     '1.6.0-dev.20150724',
26 silly addNameRange     '1.6.0-dev.20150725',
26 silly addNameRange     '1.6.0-dev.20150726',
26 silly addNameRange     '1.6.0-dev.20150727',
26 silly addNameRange     '1.6.0-dev.20150728',
26 silly addNameRange     '1.6.0-dev.20150729',
26 silly addNameRange     '1.6.0-dev.20150730',
26 silly addNameRange     '1.6.0-dev.20150731',
26 silly addNameRange     '1.6.0-dev.20150801',
26 silly addNameRange     '1.6.0-dev.20150802',
26 silly addNameRange     '1.6.0-dev.20150803',
26 silly addNameRange     '1.6.0-dev.20150804',
26 silly addNameRange     '1.6.0-dev.20150805',
26 silly addNameRange     '1.6.0-dev.20150806',
26 silly addNameRange     '1.6.0-dev.20150807',
26 silly addNameRange     '1.6.0-dev.20150808',
26 silly addNameRange     '1.6.0-dev.20150809',
26 silly addNameRange     '1.6.0-dev.20150810',
26 silly addNameRange     '1.6.0-dev.20150811',
26 silly addNameRange     '1.6.0-dev.20150812',
26 silly addNameRange     '1.6.0-dev.20150813',
26 silly addNameRange     '1.6.0-dev.20150814',
26 silly addNameRange     '1.6.0-dev.20150815',
26 silly addNameRange     '1.6.0-dev.20150816',
26 silly addNameRange     '1.6.0-dev.20150817',
26 silly addNameRange     '1.6.0-dev.20150818',
26 silly addNameRange     '1.6.0-dev.20150819',
26 silly addNameRange     '1.6.0-dev.20150820',
26 silly addNameRange     '1.6.0-dev.20150821',
26 silly addNameRange     '1.6.0-dev.20150822',
26 silly addNameRange     '1.6.0-dev.20150823',
26 silly addNameRange     '1.6.0-dev.20150824',
26 silly addNameRange     '1.6.0-dev.20150825',
26 silly addNameRange     '1.7.0-dev.20150826',
26 silly addNameRange     '1.7.0-dev.20150827',
26 silly addNameRange     '1.7.0-dev.20150828',
26 silly addNameRange     '1.7.0-dev.20150829',
26 silly addNameRange     '1.7.0-dev.20150830',
26 silly addNameRange     '1.7.0-dev.20150831',
26 silly addNameRange     '1.7.0-dev.20150901',
26 silly addNameRange     '1.7.0-dev.20150902',
26 silly addNameRange     '1.6.0-beta',
26 silly addNameRange     '1.7.0-dev.20150903',
26 silly addNameRange     '1.7.0-dev.20150904',
26 silly addNameRange     '1.6.0-dev.20150905',
26 silly addNameRange     '1.6.0-dev.20150906',
26 silly addNameRange     '1.6.0-dev.20150907',
26 silly addNameRange     '1.6.0-dev.20150908',
26 silly addNameRange     '1.6.0-dev.20150909',
26 silly addNameRange     '1.6.0-dev.20150910',
26 silly addNameRange     '1.6.0-dev.20150911',
26 silly addNameRange     '1.6.0-dev.20150912',
26 silly addNameRange     '1.6.0-dev.20150913',
26 silly addNameRange     '1.6.0-dev.20150914',
26 silly addNameRange     '1.6.0-dev.20150915',
26 silly addNameRange     '1.7.0-dev.20150916',
26 silly addNameRange     '1.6.2',
26 silly addNameRange     '1.7.0-dev.20150917',
26 silly addNameRange     '1.7.0-dev.20150918',
26 silly addNameRange     '1.7.0-dev.20150919',
26 silly addNameRange     '1.7.0-dev.20150920',
26 silly addNameRange     '1.7.0-dev.20150921',
26 silly addNameRange     '1.7.0-dev.20150922',
26 silly addNameRange     '1.7.0-dev.20150923',
26 silly addNameRange     '1.7.0-dev.20150924',
26 silly addNameRange     '1.7.0-dev.20150925',
26 silly addNameRange     '1.7.0-dev.20150926',
26 silly addNameRange     '1.7.0-dev.20150927',
26 silly addNameRange     '1.7.0-dev.20150928',
26 silly addNameRange     '1.7.0-dev.20150929',
26 silly addNameRange     '1.7.0-dev.20150930',
26 silly addNameRange     '1.7.0-dev.20151001',
26 silly addNameRange     '1.7.0-dev.20151002',
26 silly addNameRange     '1.7.0-dev.20151003',
26 silly addNameRange     '1.7.0-dev.20151004',
26 silly addNameRange     '1.7.0-dev.20151005',
26 silly addNameRange     '1.7.0-dev.20151006',
26 silly addNameRange     '1.7.0-dev.20151014',
26 silly addNameRange     '1.7.0-dev.20151015',
26 silly addNameRange     '1.7.0-dev.20151016',
26 silly addNameRange     '1.8.0-dev.20151017',
26 silly addNameRange     '1.8.0-dev.20151018',
26 silly addNameRange     '1.8.0-dev.20151019',
26 silly addNameRange     '1.8.0-dev.20151020',
26 silly addNameRange     '1.8.0-dev.20151021',
26 silly addNameRange     '1.8.0-dev.20151022',
26 silly addNameRange     '1.8.0-dev.20151023',
26 silly addNameRange     '1.8.0-dev.20151024',
26 silly addNameRange     '1.8.0-dev.20151025',
26 silly addNameRange     '1.8.0-dev.20151026',
26 silly addNameRange     '1.8.0-dev.20151027',
26 silly addNameRange     '1.8.0-dev.20151028',
26 silly addNameRange     '1.8.0-dev.20151029',
26 silly addNameRange     '1.8.0-dev.20151030',
26 silly addNameRange     '1.8.0-dev.20151031',
26 silly addNameRange     '1.8.0-dev.20151101',
26 silly addNameRange     '1.8.0-dev.20151102',
26 silly addNameRange     '1.8.0-dev.20151103',
26 silly addNameRange     '1.8.0-dev.20151104',
26 silly addNameRange     '1.8.0-dev.20151105',
26 silly addNameRange     '1.8.0-dev.20151106',
26 silly addNameRange     '1.8.0-dev.20151107',
26 silly addNameRange     '1.8.0-dev.20151108',
26 silly addNameRange     '1.8.0-dev.20151109',
26 silly addNameRange     '1.8.0-dev.20151110',
26 silly addNameRange     '1.8.0-dev.20151111',
26 silly addNameRange     '1.8.0-dev.20151112',
26 silly addNameRange     '1.8.0-dev.20151113',
26 silly addNameRange     '1.8.0-dev.20151114',
26 silly addNameRange     '1.8.0-dev.20151115',
26 silly addNameRange     '1.8.0-dev.20151116',
26 silly addNameRange     '1.8.0-dev.20151117',
26 silly addNameRange     '1.8.0-dev.20151118',
26 silly addNameRange     '1.8.0-dev.20151119' ] ]
27 silly addNamed typescript@1.6.2
28 verbose addNamed "1.6.2" is a plain semver version for typescript
29 silly mapToRegistry name typescript
30 silly mapToRegistry using default registry
31 silly mapToRegistry registry https://registry.npmjs.org/
32 silly mapToRegistry uri https://registry.npmjs.org/typescript
33 verbose addRemoteTarball https://registry.npmjs.org/typescript/-/typescript-1.6.2.tgz not in flight; adding
34 verbose addRemoteTarball [ 'https://registry.npmjs.org/typescript/-/typescript-1.6.2.tgz',
34 verbose addRemoteTarball   '5b27254abeb111027cbf9450d3431bc5843191dd' ]
35 info retry fetch attempt 1 at 10:18:14 AM
36 info attempt registry request try #1 at 10:18:14 AM
37 http fetch GET https://registry.npmjs.org/typescript/-/typescript-1.6.2.tgz
38 http fetch 200 https://registry.npmjs.org/typescript/-/typescript-1.6.2.tgz
39 silly fetchAndShaCheck shasum 5b27254abeb111027cbf9450d3431bc5843191dd
40 verbose addTmpTarball /var/folders/dc/cmf6dxzd1lz1zjc2jkw_x2w00000gn/T/npm-49723-ef0d7fbe/registry.npmjs.org/typescript/-/typescript-1.6.2.tgz not in flight; adding
41 verbose addTmpTarball already have metadata; skipping unpack for typescript@1.6.2
42 silly cache afterAdd typescript@1.6.2
43 verbose afterAdd /Users/dada/.npm/typescript/1.6.2/package/package.json not in flight; writing
44 verbose afterAdd /Users/dada/.npm/typescript/1.6.2/package/package.json written
45 silly install resolved [ { name: 'typescript',
45 silly install resolved     author: { name: 'Microsoft Corp.' },
45 silly install resolved     homepage: 'http://typescriptlang.org/',
45 silly install resolved     version: '1.6.2',
45 silly install resolved     license: 'Apache-2.0',
45 silly install resolved     description: 'TypeScript is a language for application scale JavaScript development',
45 silly install resolved     keywords: [ 'TypeScript', 'Microsoft', 'compiler', 'language', 'javascript' ],
45 silly install resolved     bugs: { url: 'https://github.com/Microsoft/TypeScript/issues' },
45 silly install resolved     repository:
45 silly install resolved      { type: 'git',
45 silly install resolved        url: 'https://github.com/Microsoft/TypeScript.git' },
45 silly install resolved     main: './lib/typescript.js',
45 silly install resolved     typings: './lib/typescript.d.ts',
45 silly install resolved     bin: { tsc: './bin/tsc', tsserver: './bin/tsserver' },
45 silly install resolved     engines: { node: '>=0.8.0' },
45 silly install resolved     devDependencies:
45 silly install resolved      { jake: 'latest',
45 silly install resolved        mocha: 'latest',
45 silly install resolved        chai: 'latest',
45 silly install resolved        browserify: 'latest',
45 silly install resolved        istanbul: 'latest',
45 silly install resolved        'mocha-fivemat-progress-reporter': 'latest',
45 silly install resolved        tslint: 'latest' },
45 silly install resolved     scripts:
45 silly install resolved      { pretest: 'jake tests',
45 silly install resolved        test: 'jake runtests',
45 silly install resolved        build: 'npm run build:compiler && npm run build:tests',
45 silly install resolved        'build:compiler': 'jake local',
45 silly install resolved        'build:tests': 'jake tests',
45 silly install resolved        clean: 'jake clean' },
45 silly install resolved     browser: { buffer: false, fs: false, os: false, path: false },
45 silly install resolved     gitHead: 'a44d8e76c68e7c685cef3d34943158021acd04e5',
45 silly install resolved     _id: 'typescript@1.6.2',
45 silly install resolved     _shasum: '5b27254abeb111027cbf9450d3431bc5843191dd',
45 silly install resolved     _from: 'typescript@*',
45 silly install resolved     _npmVersion: '2.0.0',
45 silly install resolved     _npmUser: { name: 'typescript', email: 'typescript@microsoft.com' },
45 silly install resolved     maintainers: [ [Object] ],
45 silly install resolved     dist:
45 silly install resolved      { shasum: '5b27254abeb111027cbf9450d3431bc5843191dd',
45 silly install resolved        tarball: 'http://registry.npmjs.org/typescript/-/typescript-1.6.2.tgz' },
45 silly install resolved     directories: {},
45 silly install resolved     _resolved: 'https://registry.npmjs.org/typescript/-/typescript-1.6.2.tgz' } ]
46 info install typescript@1.6.2 into /usr/local/lib
47 info installOne typescript@1.6.2
48 verbose installOne of typescript to /usr/local/lib not in flight; installing
49 verbose lock using /Users/dada/.npm/_locks/typescript-5355178f5d1a073f.lock for /usr/local/lib/node_modules/typescript
50 silly install write writing typescript 1.6.2 to /usr/local/lib/node_modules/typescript
51 verbose unbuild lib/node_modules/typescript
52 silly gentlyRm /usr/local/lib/node_modules/typescript is being purged from base /usr/local
53 verbose gentlyRm don't care about contents; nuking /usr/local/lib/node_modules/typescript
54 verbose tar unpack /Users/dada/.npm/typescript/1.6.2/package.tgz
55 verbose tar unpacking to /usr/local/lib/node_modules/typescript
56 silly gentlyRm /usr/local/lib/node_modules/typescript is being purged
57 verbose gentlyRm don't care about contents; nuking /usr/local/lib/node_modules/typescript
58 silly gunzTarPerm modes [ '755', '644' ]
59 error tar.unpack untar error /Users/dada/.npm/typescript/1.6.2/package.tgz
60 verbose unlock done using /Users/dada/.npm/_locks/typescript-5355178f5d1a073f.lock for /usr/local/lib/node_modules/typescript
61 verbose fstream_path /usr/local/lib/node_modules/typescript
62 verbose fstream_type Directory
63 verbose fstream_class DirWriter
64 verbose stack Error: EACCES: permission denied, mkdir '/usr/local/lib/node_modules/typescript'
64 verbose stack     at Error (native)
65 verbose fstream_stack /usr/local/lib/node_modules/npm/node_modules/fstream/lib/dir-writer.js:35:25
65 verbose fstream_stack /usr/local/lib/node_modules/npm/node_modules/mkdirp/index.js:47:53
65 verbose fstream_stack FSReqWrap.oncomplete (fs.js:82:15)
66 verbose cwd /Users/dada/Desktop/HSR/WED2/WED2-MiniProjEvent
67 error Darwin 15.0.0
68 error argv "/usr/local/bin/node" "/usr/local/bin/npm" "install" "typescript" "-g"
69 error node v4.1.0
70 error npm  v2.14.3
71 error path /usr/local/lib/node_modules/typescript
72 error code EACCES
73 error errno -13
74 error syscall mkdir
75 error Error: EACCES: permission denied, mkdir '/usr/local/lib/node_modules/typescript'
75 error     at Error (native)
75 error  { [Error: EACCES: permission denied, mkdir '/usr/local/lib/node_modules/typescript']
75 error   errno: -13,
75 error   code: 'EACCES',
75 error   syscall: 'mkdir',
75 error   path: '/usr/local/lib/node_modules/typescript',
75 error   fstream_type: 'Directory',
75 error   fstream_path: '/usr/local/lib/node_modules/typescript',
75 error   fstream_class: 'DirWriter',
75 error   fstream_stack:
75 error    [ '/usr/local/lib/node_modules/npm/node_modules/fstream/lib/dir-writer.js:35:25',
75 error      '/usr/local/lib/node_modules/npm/node_modules/mkdirp/index.js:47:53',
75 error      'FSReqWrap.oncomplete (fs.js:82:15)' ] }
76 error Please try running this command again as root/Administrator.
77 verbose exit [ -13, true ]
78 verbose unbuild lib/node_modules/typescript
79 silly gentlyRm /usr/local/lib/node_modules/typescript is being purged from base /usr/local
80 verbose gentlyRm don't care about contents; nuking /usr/local/lib/node_modules/typescript
